<?xml version="1.0" encoding="UTF-8"?>
<!-- Generated by org.testng.reporters.JUnitXMLReporter -->
<testsuite hostname="Vlad" name="Default test" tests="3" failures="0" timestamp="8 Mar 2015 14:19:33 GMT" time="0.318" errors="0">
  <testcase name="rangeToObstacleTest" time="0.08" classname="rp.robotics.mapping.GridMapTest"/>
  <testcase name="rectangularMapTest" time="0.156" classname="rp.robotics.mapping.GridMapTest"/>
  <testcase name="testMapTest" time="0.016" classname="rp.robotics.mapping.GridMapTest"/>
</testsuite> <!-- Default test -->
