<?xml version="1.0" encoding="UTF-8"?>
<!-- Generated by org.testng.reporters.JUnitXMLReporter -->
<testsuite hostname="Vlad" name="Default test" tests="3" failures="0" timestamp="3 Mar 2015 18:00:40 GMT" time="0.145" errors="0">
  <testcase name="rangeToObstacleTest" time="0.04" classname="rp.robotics.mapping.GridMapTest"/>
  <testcase name="rectangularMapTest" time="0.021" classname="rp.robotics.mapping.GridMapTest"/>
  <testcase name="testMapTest" time="0.041" classname="rp.robotics.mapping.GridMapTest"/>
</testsuite> <!-- Default test -->
