<?xml version="1.0" encoding="UTF-8"?>
<testng-results skipped="0" failed="0" total="1" passed="1">
  <reporter-output>
  </reporter-output>
  <suite name="Default suite" duration-ms="396" started-at="2015-03-15T12:13:58Z" finished-at="2015-03-15T12:13:59Z">
    <groups>
    </groups>
    <test name="Default test" duration-ms="396" started-at="2015-03-15T12:13:58Z" finished-at="2015-03-15T12:13:59Z">
      <class name="Testing.TestSearch">
        <test-method status="PASS" signature="setUp()[pri:0, instance:Testing.TestSearch@1b7dea0]" name="setUp" is-config="true" duration-ms="92" started-at="2015-03-15T12:13:58Z" finished-at="2015-03-15T12:13:58Z">
          <reporter-output>
          </reporter-output>
        </test-method> <!-- setUp -->
        <test-method status="PASS" signature="testPaths()[pri:0, instance:Testing.TestSearch@1b7dea0]" name="testPaths" duration-ms="264" started-at="2015-03-15T12:13:58Z" finished-at="2015-03-15T12:13:59Z">
          <reporter-output>
          </reporter-output>
        </test-method> <!-- testPaths -->
      </class> <!-- Testing.TestSearch -->
    </test> <!-- Default test -->
  </suite> <!-- Default suite -->
</testng-results>
