<?xml version="1.0" encoding="UTF-8"?>
<testng-results skipped="0" failed="0" total="1" passed="1">
  <reporter-output>
  </reporter-output>
  <suite name="Default suite" duration-ms="10047" started-at="2015-03-27T14:27:35Z" finished-at="2015-03-27T14:27:45Z">
    <groups>
    </groups>
    <test name="Default test" duration-ms="10047" started-at="2015-03-27T14:27:35Z" finished-at="2015-03-27T14:27:45Z">
      <class name="testing.TestActionModel">
        <test-method status="PASS" signature="setUp()[pri:0, instance:testing.TestActionModel@1ed40e0]" name="setUp" is-config="true" duration-ms="16" started-at="2015-03-27T14:27:35Z" finished-at="2015-03-27T14:27:35Z">
          <reporter-output>
          </reporter-output>
        </test-method> <!-- setUp -->
        <test-method status="PASS" signature="Test()[pri:0, instance:testing.TestActionModel@1ed40e0]" name="Test" duration-ms="10015" started-at="2015-03-27T14:27:35Z" finished-at="2015-03-27T14:27:45Z">
          <reporter-output>
          </reporter-output>
        </test-method> <!-- Test -->
      </class> <!-- testing.TestActionModel -->
    </test> <!-- Default test -->
  </suite> <!-- Default suite -->
</testng-results>
